<?xml version="1.0" encoding="UTF-8"?>
<testng-results ignored="0" total="7" passed="6" failed="1" skipped="0">
  <reporter-output>
  </reporter-output>
  <suite started-at="2022-05-03T10:29:13 IST" name="HybridFramework" finished-at="2022-05-03T10:30:15 IST" duration-ms="62393">
    <groups>
    </groups>
    <test started-at="2022-05-03T10:29:13 IST" name="guru99BankingApplication Test" finished-at="2022-05-03T10:30:15 IST" duration-ms="62393">
      <class name="com.guru99.qa.pagesTest.LoginPageTest_DDT">
        <test-method is-config="true" signature="setUp(java.lang.String)[pri:0, instance:com.guru99.qa.pagesTest.LoginPageTest_DDT@2df3b89c]" started-at="2022-05-03T10:29:24 IST" name="setUp" finished-at="2022-05-03T10:29:32 IST" duration-ms="8029" status="PASS">
          <params>
            <param index="0">
              <value>
                <![CDATA[chrome]]>
              </value>
            </param>
          </params>
          <reporter-output>
          </reporter-output>
        </test-method> <!-- setUp -->
        <test-method signature="loginPageDDT(java.lang.String,java.lang.String)[pri:0, instance:com.guru99.qa.pagesTest.LoginPageTest_DDT@2df3b89c]" started-at="2022-05-03T10:29:34 IST" name="loginPageDDT" data-provider="loginPageDDT" finished-at="2022-05-03T10:29:40 IST" duration-ms="5996" status="PASS">
          <params>
            <param index="0">
              <value>
                <![CDATA[mngr399261]]>
              </value>
            </param>
            <param index="1">
              <value>
                <![CDATA[nydeqYr]]>
              </value>
            </param>
          </params>
          <reporter-output>
          </reporter-output>
        </test-method> <!-- loginPageDDT -->
        <test-method signature="loginPageDDT(java.lang.String,java.lang.String)[pri:0, instance:com.guru99.qa.pagesTest.LoginPageTest_DDT@2df3b89c]" started-at="2022-05-03T10:29:40 IST" name="loginPageDDT" data-provider="loginPageDDT" finished-at="2022-05-03T10:29:45 IST" duration-ms="5192" status="PASS">
          <params>
            <param index="0">
              <value>
                <![CDATA[mngr399261]]>
              </value>
            </param>
            <param index="1">
              <value>
                <![CDATA[nydeqYr]]>
              </value>
            </param>
          </params>
          <reporter-output>
          </reporter-output>
        </test-method> <!-- loginPageDDT -->
        <test-method signature="loginPageDDT(java.lang.String,java.lang.String)[pri:0, instance:com.guru99.qa.pagesTest.LoginPageTest_DDT@2df3b89c]" started-at="2022-05-03T10:29:45 IST" name="loginPageDDT" data-provider="loginPageDDT" finished-at="2022-05-03T10:29:50 IST" duration-ms="4755" status="PASS">
          <params>
            <param index="0">
              <value>
                <![CDATA[mngr399261]]>
              </value>
            </param>
            <param index="1">
              <value>
                <![CDATA[nydeqYr]]>
              </value>
            </param>
          </params>
          <reporter-output>
          </reporter-output>
        </test-method> <!-- loginPageDDT -->
        <test-method signature="loginPageDDT(java.lang.String,java.lang.String)[pri:0, instance:com.guru99.qa.pagesTest.LoginPageTest_DDT@2df3b89c]" started-at="2022-05-03T10:29:50 IST" name="loginPageDDT" data-provider="loginPageDDT" finished-at="2022-05-03T10:29:54 IST" duration-ms="4410" status="PASS">
          <params>
            <param index="0">
              <value>
                <![CDATA[mngr399261]]>
              </value>
            </param>
            <param index="1">
              <value>
                <![CDATA[nydeqYr]]>
              </value>
            </param>
          </params>
          <reporter-output>
          </reporter-output>
        </test-method> <!-- loginPageDDT -->
        <test-method is-config="true" signature="tearDown()[pri:0, instance:com.guru99.qa.pagesTest.LoginPageTest_DDT@2df3b89c]" started-at="2022-05-03T10:29:54 IST" name="tearDown" finished-at="2022-05-03T10:29:54 IST" duration-ms="0" status="PASS">
          <reporter-output>
          </reporter-output>
        </test-method> <!-- tearDown -->
      </class> <!-- com.guru99.qa.pagesTest.LoginPageTest_DDT -->
      <class name="com.guru99.qa.pagesTest.NewCustomerTest">
        <test-method is-config="true" signature="setUp(java.lang.String)[pri:0, instance:com.guru99.qa.pagesTest.NewCustomerTest@23348b5d]" started-at="2022-05-03T10:29:54 IST" name="setUp" finished-at="2022-05-03T10:30:02 IST" duration-ms="8297" status="PASS">
          <params>
            <param index="0">
              <value>
                <![CDATA[chrome]]>
              </value>
            </param>
          </params>
          <reporter-output>
          </reporter-output>
        </test-method> <!-- setUp -->
        <test-method signature="TC_003()[pri:0, instance:com.guru99.qa.pagesTest.NewCustomerTest@23348b5d]" started-at="2022-05-03T10:30:02 IST" name="TC_003" finished-at="2022-05-03T10:30:15 IST" duration-ms="12591" status="FAIL">
          <exception class="org.openqa.selenium.UnhandledAlertException">
            <message>
              <![CDATA[unexpected alert open: {Alert text : Email Address Already Exist !!}
  (Session info: chrome=100.0.4896.127): Email Address Already Exist !!
Build info: version: '3.141.5', revision: 'd54ebd709a', time: '2018-11-06T11:42:16'
System info: host: 'DESKTOP-FNNCM0Q', ip: '192.168.1.101', os.name: 'Windows 10', os.arch: 'amd64', os.version: '10.0', java.version: '17.0.2'
Driver info: org.openqa.selenium.chrome.ChromeDriver
Capabilities {acceptInsecureCerts: false, browserName: chrome, browserVersion: 100.0.4896.127, chrome: {chromedriverVersion: 100.0.4896.60 (6a5d10861ce8..., userDataDir: C:\Users\ankur\AppData\Loca...}, goog:chromeOptions: {debuggerAddress: localhost:50201}, javascriptEnabled: true, networkConnectionEnabled: false, pageLoadStrategy: normal, platform: WINDOWS, platformName: WINDOWS, proxy: Proxy(), setWindowRect: true, strictFileInteractability: false, timeouts: {implicit: 0, pageLoad: 300000, script: 30000}, unhandledPromptBehavior: dismiss and notify, webauthn:extension:credBlob: true, webauthn:extension:largeBlob: true, webauthn:virtualAuthenticators: true}
Session ID: dcdb4f5710cef0704fa74f38c85c802a]]>
            </message>
            <full-stacktrace>
              <![CDATA[org.openqa.selenium.UnhandledAlertException: unexpected alert open: {Alert text : Email Address Already Exist !!}
  (Session info: chrome=100.0.4896.127): Email Address Already Exist !!
Build info: version: '3.141.5', revision: 'd54ebd709a', time: '2018-11-06T11:42:16'
System info: host: 'DESKTOP-FNNCM0Q', ip: '192.168.1.101', os.name: 'Windows 10', os.arch: 'amd64', os.version: '10.0', java.version: '17.0.2'
Driver info: org.openqa.selenium.chrome.ChromeDriver
Capabilities {acceptInsecureCerts: false, browserName: chrome, browserVersion: 100.0.4896.127, chrome: {chromedriverVersion: 100.0.4896.60 (6a5d10861ce8..., userDataDir: C:\Users\ankur\AppData\Loca...}, goog:chromeOptions: {debuggerAddress: localhost:50201}, javascriptEnabled: true, networkConnectionEnabled: false, pageLoadStrategy: normal, platform: WINDOWS, platformName: WINDOWS, proxy: Proxy(), setWindowRect: true, strictFileInteractability: false, timeouts: {implicit: 0, pageLoad: 300000, script: 30000}, unhandledPromptBehavior: dismiss and notify, webauthn:extension:credBlob: true, webauthn:extension:largeBlob: true, webauthn:virtualAuthenticators: true}
Session ID: dcdb4f5710cef0704fa74f38c85c802a
at org.openqa.selenium.remote.http.W3CHttpResponseCodec.decode(W3CHttpResponseCodec.java:120)
at org.openqa.selenium.remote.http.W3CHttpResponseCodec.decode(W3CHttpResponseCodec.java:49)
at org.openqa.selenium.remote.HttpCommandExecutor.execute(HttpCommandExecutor.java:158)
at org.openqa.selenium.remote.service.DriverCommandExecutor.execute(DriverCommandExecutor.java:83)
at org.openqa.selenium.remote.RemoteWebDriver.execute(RemoteWebDriver.java:552)
at org.openqa.selenium.remote.RemoteWebDriver.execute(RemoteWebDriver.java:609)
at org.openqa.selenium.remote.RemoteWebDriver.getPageSource(RemoteWebDriver.java:438)
at com.guru99.qa.pagesTest.NewCustomerTest.TC_003(NewCustomerTest.java:37)
at java.base/jdk.internal.reflect.NativeMethodAccessorImpl.invoke0(Native Method)
at java.base/jdk.internal.reflect.NativeMethodAccessorImpl.invoke(NativeMethodAccessorImpl.java:77)
at java.base/jdk.internal.reflect.DelegatingMethodAccessorImpl.invoke(DelegatingMethodAccessorImpl.java:43)
at java.base/java.lang.reflect.Method.invoke(Method.java:568)
at org.testng.internal.MethodInvocationHelper.invokeMethod(MethodInvocationHelper.java:133)
at org.testng.internal.TestInvoker.invokeMethod(TestInvoker.java:598)
at org.testng.internal.TestInvoker.invokeTestMethod(TestInvoker.java:173)
at org.testng.internal.MethodRunner.runInSequence(MethodRunner.java:46)
at org.testng.internal.TestInvoker$MethodInvocationAgent.invoke(TestInvoker.java:824)
at org.testng.internal.TestInvoker.invokeTestMethods(TestInvoker.java:146)
at org.testng.internal.TestMethodWorker.invokeTestMethods(TestMethodWorker.java:146)
at org.testng.internal.TestMethodWorker.run(TestMethodWorker.java:128)
at java.base/java.util.ArrayList.forEach(ArrayList.java:1511)
at org.testng.TestRunner.privateRun(TestRunner.java:794)
at org.testng.TestRunner.run(TestRunner.java:596)
at org.testng.SuiteRunner.runTest(SuiteRunner.java:377)
at org.testng.SuiteRunner.runSequentially(SuiteRunner.java:371)
at org.testng.SuiteRunner.privateRun(SuiteRunner.java:332)
at org.testng.SuiteRunner.run(SuiteRunner.java:276)
at org.testng.SuiteRunnerWorker.runSuite(SuiteRunnerWorker.java:53)
at org.testng.SuiteRunnerWorker.run(SuiteRunnerWorker.java:96)
at org.testng.TestNG.runSuitesSequentially(TestNG.java:1212)
at org.testng.TestNG.runSuitesLocally(TestNG.java:1134)
at org.testng.TestNG.runSuites(TestNG.java:1063)
at org.testng.TestNG.run(TestNG.java:1031)
at org.apache.maven.surefire.testng.TestNGExecutor.run(TestNGExecutor.java:295)
at org.apache.maven.surefire.testng.TestNGXmlTestSuite.execute(TestNGXmlTestSuite.java:84)
at org.apache.maven.surefire.testng.TestNGProvider.invoke(TestNGProvider.java:90)
at org.apache.maven.surefire.booter.ForkedBooter.invokeProviderInSameClassLoader(ForkedBooter.java:203)
at org.apache.maven.surefire.booter.ForkedBooter.runSuitesInProcess(ForkedBooter.java:155)
at org.apache.maven.surefire.booter.ForkedBooter.main(ForkedBooter.java:103)
]]>
            </full-stacktrace>
          </exception> <!-- org.openqa.selenium.UnhandledAlertException -->
          <reporter-output>
          </reporter-output>
        </test-method> <!-- TC_003 -->
        <test-method is-config="true" signature="tearDown()[pri:0, instance:com.guru99.qa.pagesTest.NewCustomerTest@23348b5d]" started-at="2022-05-03T10:30:15 IST" name="tearDown" finished-at="2022-05-03T10:30:15 IST" duration-ms="2" status="PASS">
          <reporter-output>
          </reporter-output>
        </test-method> <!-- tearDown -->
      </class> <!-- com.guru99.qa.pagesTest.NewCustomerTest -->
      <class name="com.guru99.qa.pagesTest.LoginPageTest">
        <test-method is-config="true" signature="setUp(java.lang.String)[pri:0, instance:com.guru99.qa.pagesTest.LoginPageTest@38afe297]" started-at="2022-05-03T10:29:13 IST" name="setUp" finished-at="2022-05-03T10:29:21 IST" duration-ms="7888" status="PASS">
          <params>
            <param index="0">
              <value>
                <![CDATA[chrome]]>
              </value>
            </param>
          </params>
          <reporter-output>
          </reporter-output>
        </test-method> <!-- setUp -->
        <test-method signature="TC_001()[pri:-1, instance:com.guru99.qa.pagesTest.LoginPageTest@38afe297]" started-at="2022-05-03T10:29:21 IST" name="TC_001" finished-at="2022-05-03T10:29:21 IST" duration-ms="14" status="PASS">
          <reporter-output>
          </reporter-output>
        </test-method> <!-- TC_001 -->
        <test-method signature="TC_002()[pri:1, instance:com.guru99.qa.pagesTest.LoginPageTest@38afe297]" started-at="2022-05-03T10:29:21 IST" name="TC_002" finished-at="2022-05-03T10:29:24 IST" duration-ms="2911" status="PASS">
          <reporter-output>
          </reporter-output>
        </test-method> <!-- TC_002 -->
        <test-method is-config="true" signature="tearDown()[pri:0, instance:com.guru99.qa.pagesTest.LoginPageTest@38afe297]" started-at="2022-05-03T10:29:24 IST" name="tearDown" finished-at="2022-05-03T10:29:24 IST" duration-ms="0" status="PASS">
          <reporter-output>
          </reporter-output>
        </test-method> <!-- tearDown -->
      </class> <!-- com.guru99.qa.pagesTest.LoginPageTest -->
    </test> <!-- guru99BankingApplication Test -->
  </suite> <!-- HybridFramework -->
</testng-results>
